Using pre-set license
Built from '2020.3/staging' branch; Version is '2020.3.18f1 (a7d1c678663c) revision 10998214'; Using compiler version '192528614'; Build Type 'Release'
OS: 'Windows 10 Home Single Language; OS build 19041.1165; Version 2004; 64bit' Language: 'ru' Physical Memory: 7103 MB
BatchMode: 1, IsHumanControllingUs: 0, StartBugReporterOnCrash: 0, Is64bit: 1, IsPro: 0

COMMAND LINE ARGUMENTS:
D:\ProgrammingIDE\Unity\Editor\2020.3.18f1\Editor\Unity.exe
-adb2
-batchMode
-noUpm
-name
AssetImportWorker0
-projectPath
D:/Programming/Unity_Projects/Honest Pig
-logFile
Logs/AssetImportWorker0.log
-srvPort
62100
Successfully changed project path to: D:/Programming/Unity_Projects/Honest Pig
D:/Programming/Unity_Projects/Honest Pig
Using Asset Import Pipeline V2.
Refreshing native plugins compatible for Editor in 120.44 ms, found 3 plugins.
Preloading 0 native plugins for Editor in 0.00 ms.
Initialize engine version: 2020.3.18f1 (a7d1c678663c)
[Subsystems] Discovering subsystems at path D:/ProgrammingIDE/Unity/Editor/2020.3.18f1/Editor/Data/Resources/UnitySubsystems
[Subsystems] Discovering subsystems at path D:/Programming/Unity_Projects/Honest Pig/Assets
GfxDevice: creating device client; threaded=0
Direct3D:
    Version:  Direct3D 11.0 [level 11.1]
    Renderer: AMD Radeon(TM) Vega 8 Graphics (ID=0x15d8)
    Vendor:   
    VRAM:     3551 MB
    Driver:   26.20.11030.22001
Initialize mono
Mono path[0] = 'D:/ProgrammingIDE/Unity/Editor/2020.3.18f1/Editor/Data/Managed'
Mono path[1] = 'D:/ProgrammingIDE/Unity/Editor/2020.3.18f1/Editor/Data/MonoBleedingEdge/lib/mono/unityjit'
Mono config path = 'D:/ProgrammingIDE/Unity/Editor/2020.3.18f1/Editor/Data/MonoBleedingEdge/etc'
Using monoOptions --debugger-agent=transport=dt_socket,embedding=1,server=y,suspend=n,address=127.0.0.1:56768
Begin MonoManager ReloadAssembly
Registering precompiled unity dll's ...
Register platform support module: D:/ProgrammingIDE/Unity/Editor/2020.3.18f1/Editor/Data/PlaybackEngines/WebGLSupport/UnityEditor.WebGL.Extensions.dll
Register platform support module: D:/ProgrammingIDE/Unity/Editor/2020.3.18f1/Editor/Data/PlaybackEngines/WindowsStandaloneSupport/UnityEditor.WindowsStandalone.Extensions.dll
Registered in 0.002247 seconds.
Native extension for WindowsStandalone target not found
Native extension for WebGL target not found
Refreshing native plugins compatible for Editor in 84.53 ms, found 3 plugins.
Preloading 0 native plugins for Editor in 0.00 ms.
Mono: successfully reloaded assembly
- Completed reload, in  3.863 seconds
Domain Reload Profiling:
	ReloadAssembly (3864ms)
		BeginReloadAssembly (172ms)
			ExecutionOrderSort (0ms)
			DisableScriptedObjects (0ms)
			BackupInstance (0ms)
			ReleaseScriptingObjects (0ms)
			CreateAndSetChildDomain (1ms)
		EndReloadAssembly (1004ms)
			LoadAssemblies (171ms)
			RebuildTransferFunctionScriptingTraits (0ms)
			SetupTypeCache (317ms)
			ReleaseScriptCaches (0ms)
			RebuildScriptCaches (91ms)
			SetupLoadedEditorAssemblies (405ms)
				LogAssemblyErrors (0ms)
				InitializePlatformSupportModulesInManaged (10ms)
				SetLoadedEditorAssemblies (1ms)
				RefreshPlugins (85ms)
				BeforeProcessingInitializeOnLoad (36ms)
				ProcessInitializeOnLoadAttributes (208ms)
				ProcessInitializeOnLoadMethodAttributes (65ms)
				AfterProcessingInitializeOnLoad (0ms)
				EditorAssembliesLoaded (1ms)
			ExecutionOrderSort2 (0ms)
			AwakeInstancesAfterBackupRestoration (0ms)
Platform modules already initialized, skipping
Registering precompiled user dll's ...
Registered in 0.003966 seconds.
Begin MonoManager ReloadAssembly
Native extension for WindowsStandalone target not found
Native extension for WebGL target not found
Refreshing native plugins compatible for Editor in 88.05 ms, found 3 plugins.
Preloading 0 native plugins for Editor in 0.00 ms.
Mono: successfully reloaded assembly
- Completed reload, in  2.424 seconds
Domain Reload Profiling:
	ReloadAssembly (2425ms)
		BeginReloadAssembly (310ms)
			ExecutionOrderSort (0ms)
			DisableScriptedObjects (11ms)
			BackupInstance (0ms)
			ReleaseScriptingObjects (0ms)
			CreateAndSetChildDomain (43ms)
		EndReloadAssembly (1978ms)
			LoadAssemblies (193ms)
			RebuildTransferFunctionScriptingTraits (0ms)
			SetupTypeCache (630ms)
			ReleaseScriptCaches (1ms)
			RebuildScriptCaches (134ms)
			SetupLoadedEditorAssemblies (777ms)
				LogAssemblyErrors (0ms)
				InitializePlatformSupportModulesInManaged (12ms)
				SetLoadedEditorAssemblies (1ms)
				RefreshPlugins (88ms)
				BeforeProcessingInitializeOnLoad (158ms)
				ProcessInitializeOnLoadAttributes (481ms)
				ProcessInitializeOnLoadMethodAttributes (32ms)
				AfterProcessingInitializeOnLoad (4ms)
				EditorAssembliesLoaded (0ms)
			ExecutionOrderSort2 (0ms)
			AwakeInstancesAfterBackupRestoration (15ms)
Platform modules already initialized, skipping
========================================================================
Worker process is ready to serve import requests
Launched and connected shader compiler UnityShaderCompiler.exe after 0.11 seconds
Refreshing native plugins compatible for Editor in 0.91 ms, found 3 plugins.
Preloading 0 native plugins for Editor in 0.00 ms.
Unloading 2211 Unused Serialized files (Serialized files now loaded: 0)
System memory in use before: 96.5 MB.
System memory in use after: 96.6 MB.

Unloading 39 unused Assets to reduce memory usage. Loaded Objects now: 2639.
Total: 5.771400 ms (FindLiveObjects: 0.374200 ms CreateObjectMapping: 0.091500 ms MarkObjects: 5.130500 ms  DeleteObjects: 0.172700 ms)

AssetImportParameters requested are different than current active one (requested -> active):
  custom:framework-win-MediaFoundation: 216162199b28c13a410421893ffa2e32 -> 
  custom:video-decoder-ogg-theora: a1e56fd34408186e4bbccfd4996cb3dc -> 
  custom:container-muxer-webm: aa71ff27fc2769a1b78a27578f13a17b -> 
  custom:container-demuxer-webm: 4f35f7cbe854078d1ac9338744f61a02 -> 
  custom:container-demuxer-ogg: 62fdf1f143b41e24485cea50d1cbac27 -> 
  custom:video-encoder-webm-vp8: eb34c28f22e8b96e1ab97ce403110664 -> 
  custom:video-codec-MediaFoundation-h265: 746d11721c4dcdbdad8f713fa42b33f4 -> 
  custom:video-decoder-webm-vp8: 9c59270c3fd7afecdb556c50c9e8de78 -> 
  custom:audio-decoder-ogg-vorbis: bf7c407c2cedff20999df2af8eb42d56 -> 
  custom:audio-encoder-webm-vorbis: bf7c407c2cedff20999df2af8eb42d56 -> 
========================================================================
Received Import Request.
  path: Assets/Texture/Farmer Angry/FAngryDown.png
  artifactKey: Guid(08b55f265c0bb2d4aba53075a39227d1) Importer(815301076,1909f56bfc062723c751e8b465ee728b)
Start importing Assets/Texture/Farmer Angry/FAngryDown.png using Guid(08b55f265c0bb2d4aba53075a39227d1) Importer(815301076,1909f56bfc062723c751e8b465ee728b)  -> (artifact id: 'c094750a167576e840a81c1f1d3aad15') in 0.244363 seconds 
  Import took 0.253044 seconds .

========================================================================
Received Import Request.
  Time since last request: 0.000634 seconds.
  path: Assets/Texture/Farmer Angry/FAngryUp.png
  artifactKey: Guid(f2afc08bf0454814b83520ab927853d2) Importer(815301076,1909f56bfc062723c751e8b465ee728b)
Start importing Assets/Texture/Farmer Angry/FAngryUp.png using Guid(f2afc08bf0454814b83520ab927853d2) Importer(815301076,1909f56bfc062723c751e8b465ee728b)  -> (artifact id: '58dc47a8b39ea2f761fbd61add295af1') in 0.042045 seconds 
  Import took 0.050448 seconds .

========================================================================
Received Import Request.
  Time since last request: 0.000545 seconds.
  path: Assets/Texture/Farmer/Farmer Right.png
  artifactKey: Guid(c9453f73dd7e34d4fbc3c12b28dac044) Importer(815301076,1909f56bfc062723c751e8b465ee728b)
Start importing Assets/Texture/Farmer/Farmer Right.png using Guid(c9453f73dd7e34d4fbc3c12b28dac044) Importer(815301076,1909f56bfc062723c751e8b465ee728b)  -> (artifact id: 'b8ce664615a22e9beb667ad1ca3c5ef9') in 0.045843 seconds 
  Import took 0.054722 seconds .

========================================================================
Received Import Request.
  Time since last request: 0.000585 seconds.
  path: Assets/Texture/Farmer/FarmerDown.png
  artifactKey: Guid(ac191746920da2440a3f92c874ca986e) Importer(815301076,1909f56bfc062723c751e8b465ee728b)
Start importing Assets/Texture/Farmer/FarmerDown.png using Guid(ac191746920da2440a3f92c874ca986e) Importer(815301076,1909f56bfc062723c751e8b465ee728b)  -> (artifact id: '23263aa933252eac265fc96062062fc4') in 0.040151 seconds 
  Import took 0.048270 seconds .

========================================================================
Received Import Request.
  Time since last request: 0.000478 seconds.
  path: Assets/Texture/Farmer/FarmerUp.png
  artifactKey: Guid(0debb4cdcd65f63468a9099faea7204d) Importer(815301076,1909f56bfc062723c751e8b465ee728b)
Start importing Assets/Texture/Farmer/FarmerUp.png using Guid(0debb4cdcd65f63468a9099faea7204d) Importer(815301076,1909f56bfc062723c751e8b465ee728b)  -> (artifact id: 'f75e074ae9b712cbbf0d0d10d8b64c5b') in 0.027321 seconds 
  Import took 0.033122 seconds .

========================================================================
Received Import Request.
  Time since last request: 0.000330 seconds.
  path: Assets/Texture/Farmer Angry/FAngryLeft.png
  artifactKey: Guid(63ce6a8e11bc7bf448defa5b041a6cae) Importer(815301076,1909f56bfc062723c751e8b465ee728b)
Start importing Assets/Texture/Farmer Angry/FAngryLeft.png using Guid(63ce6a8e11bc7bf448defa5b041a6cae) Importer(815301076,1909f56bfc062723c751e8b465ee728b)  -> (artifact id: 'c520ad2021d4170caaa815b3989cd5fa') in 0.036288 seconds 
  Import took 0.044173 seconds .

========================================================================
Received Import Request.
  Time since last request: 0.000326 seconds.
  path: Assets/Texture/Farmer Angry/FAngryRight.png
  artifactKey: Guid(aa58f4f32a070814992cfd79addc2d79) Importer(815301076,1909f56bfc062723c751e8b465ee728b)
Start importing Assets/Texture/Farmer Angry/FAngryRight.png using Guid(aa58f4f32a070814992cfd79addc2d79) Importer(815301076,1909f56bfc062723c751e8b465ee728b)  -> (artifact id: 'f3940b396ae7acb749f61519f4ceab93') in 0.034538 seconds 
  Import took 0.040098 seconds .

========================================================================
Received Import Request.
  Time since last request: 0.000373 seconds.
  path: Assets/Texture/Farmer/Farmer Left.png
  artifactKey: Guid(19b9308eccbaffa4b9fdaf54818b32bb) Importer(815301076,1909f56bfc062723c751e8b465ee728b)
Start importing Assets/Texture/Farmer/Farmer Left.png using Guid(19b9308eccbaffa4b9fdaf54818b32bb) Importer(815301076,1909f56bfc062723c751e8b465ee728b)  -> (artifact id: '6541784eb712dee6e0bc9a6e6c30c9b1') in 0.031084 seconds 
  Import took 0.037790 seconds .

========================================================================
Received Import Request.
  Time since last request: 0.010952 seconds.
  path: Assets/Texture/Farmer/Farmer Left.png
  artifactKey: Guid(19b9308eccbaffa4b9fdaf54818b32bb) Importer(815301076,1909f56bfc062723c751e8b465ee728b)
Start importing Assets/Texture/Farmer/Farmer Left.png using Guid(19b9308eccbaffa4b9fdaf54818b32bb) Importer(815301076,1909f56bfc062723c751e8b465ee728b)  -> (artifact id: '6541784eb712dee6e0bc9a6e6c30c9b1') in 0.030648 seconds 
  Import took 0.037414 seconds .

========================================================================
Received Import Request.
  Time since last request: 16.783448 seconds.
  path: Assets/Texture/Farmer Dirty/FDirtyDown.png
  artifactKey: Guid(d8856222a8e0a484895fc3a85cb9e362) Importer(815301076,1909f56bfc062723c751e8b465ee728b)
Start importing Assets/Texture/Farmer Dirty/FDirtyDown.png using Guid(d8856222a8e0a484895fc3a85cb9e362) Importer(815301076,1909f56bfc062723c751e8b465ee728b)  -> (artifact id: '5ca0c3ac7dbc749c5f7b834cd8714338') in 0.039025 seconds 
  Import took 0.044705 seconds .

========================================================================
Received Import Request.
  Time since last request: 0.000438 seconds.
  path: Assets/Texture/Farmer Dirty/FDirtyRight.png
  artifactKey: Guid(5a796a1d7282fa841bf72d95e45603ab) Importer(815301076,1909f56bfc062723c751e8b465ee728b)
Start importing Assets/Texture/Farmer Dirty/FDirtyRight.png using Guid(5a796a1d7282fa841bf72d95e45603ab) Importer(815301076,1909f56bfc062723c751e8b465ee728b)  -> (artifact id: 'c75685d0eac8d7e5e9340d2e75b79b1a') in 0.026860 seconds 
  Import took 0.032753 seconds .

========================================================================
Received Import Request.
  Time since last request: 0.000367 seconds.
  path: Assets/Texture/Farmer Dirty/FDirtyUp.png
  artifactKey: Guid(df835216cf410174b9877079095aa55c) Importer(815301076,1909f56bfc062723c751e8b465ee728b)
Start importing Assets/Texture/Farmer Dirty/FDirtyUp.png using Guid(df835216cf410174b9877079095aa55c) Importer(815301076,1909f56bfc062723c751e8b465ee728b)  -> (artifact id: '73cbd8d6bffbf06b5752063fe970f9fc') in 0.034779 seconds 
  Import took 0.041759 seconds .

========================================================================
Received Import Request.
  Time since last request: 0.000397 seconds.
  path: Assets/Texture/Farmer Dirty/FDirtyLeft.png
  artifactKey: Guid(b5e9de159b61d4243942474615992f1f) Importer(815301076,1909f56bfc062723c751e8b465ee728b)
Start importing Assets/Texture/Farmer Dirty/FDirtyLeft.png using Guid(b5e9de159b61d4243942474615992f1f) Importer(815301076,1909f56bfc062723c751e8b465ee728b)  -> (artifact id: 'e67724a1fb22328b95f8569cac0b7551') in 0.029639 seconds 
  Import took 0.036226 seconds .

========================================================================
Received Prepare
Refreshing native plugins compatible for Editor in 9.41 ms, found 3 plugins.
Preloading 0 native plugins for Editor in 0.00 ms.
Unloading 25 Unused Serialized files (Serialized files now loaded: 0)
System memory in use before: 56.2 MB.
System memory in use after: 56.3 MB.

Unloading 25 unused Assets to reduce memory usage. Loaded Objects now: 2663.
Total: 6.841400 ms (FindLiveObjects: 0.371800 ms CreateObjectMapping: 0.090900 ms MarkObjects: 6.343700 ms  DeleteObjects: 0.032900 ms)

AssetImportParameters requested are different than current active one (requested -> active):
  custom:framework-win-MediaFoundation: 216162199b28c13a410421893ffa2e32 -> 
  custom:video-decoder-ogg-theora: a1e56fd34408186e4bbccfd4996cb3dc -> 
  custom:container-muxer-webm: aa71ff27fc2769a1b78a27578f13a17b -> 
  custom:container-demuxer-webm: 4f35f7cbe854078d1ac9338744f61a02 -> 
  custom:container-demuxer-ogg: 62fdf1f143b41e24485cea50d1cbac27 -> 
  custom:video-encoder-webm-vp8: eb34c28f22e8b96e1ab97ce403110664 -> 
  custom:video-codec-MediaFoundation-h265: 746d11721c4dcdbdad8f713fa42b33f4 -> 
  custom:video-decoder-webm-vp8: 9c59270c3fd7afecdb556c50c9e8de78 -> 
  custom:audio-decoder-ogg-vorbis: bf7c407c2cedff20999df2af8eb42d56 -> 
  custom:audio-encoder-webm-vorbis: bf7c407c2cedff20999df2af8eb42d56 -> 
========================================================================
Received Import Request.
  Time since last request: 116.650794 seconds.
  path: Assets/Texture/Farmer Angry/FAngryLeft.png
  artifactKey: Guid(63ce6a8e11bc7bf448defa5b041a6cae) Importer(815301076,1909f56bfc062723c751e8b465ee728b)
Start importing Assets/Texture/Farmer Angry/FAngryLeft.png using Guid(63ce6a8e11bc7bf448defa5b041a6cae) Importer(815301076,1909f56bfc062723c751e8b465ee728b)  -> (artifact id: '035b735a5c5521ce45731bd77a2294ab') in 0.027100 seconds 
  Import took 0.033981 seconds .

========================================================================
Received Import Request.
  Time since last request: 13.018344 seconds.
  path: Assets/Texture/Farmer Angry/FAngryLeft.png
  artifactKey: Guid(63ce6a8e11bc7bf448defa5b041a6cae) Importer(815301076,1909f56bfc062723c751e8b465ee728b)
Start importing Assets/Texture/Farmer Angry/FAngryLeft.png using Guid(63ce6a8e11bc7bf448defa5b041a6cae) Importer(815301076,1909f56bfc062723c751e8b465ee728b)  -> (artifact id: '5e27ed25e22a06277a70bca2f59c7feb') in 0.027346 seconds 
  Import took 0.034114 seconds .

========================================================================
Received Import Request.
  Time since last request: 45.792965 seconds.
  path: Assets/Texture/Farmer Angry/FAngryDown.png
  artifactKey: Guid(08b55f265c0bb2d4aba53075a39227d1) Importer(815301076,1909f56bfc062723c751e8b465ee728b)
Start importing Assets/Texture/Farmer Angry/FAngryDown.png using Guid(08b55f265c0bb2d4aba53075a39227d1) Importer(815301076,1909f56bfc062723c751e8b465ee728b)  -> (artifact id: '90a31fd12223abedb68297a363d88e28') in 0.036574 seconds 
  Import took 0.045556 seconds .

========================================================================
Received Import Request.
  Time since last request: 69.660177 seconds.
  path: Assets/Texture/Farmer Angry/FAngryRight.png
  artifactKey: Guid(aa58f4f32a070814992cfd79addc2d79) Importer(815301076,1909f56bfc062723c751e8b465ee728b)
Start importing Assets/Texture/Farmer Angry/FAngryRight.png using Guid(aa58f4f32a070814992cfd79addc2d79) Importer(815301076,1909f56bfc062723c751e8b465ee728b)  -> (artifact id: '05078c60f5638cf35b7086f6aba6b39b') in 0.037645 seconds 
  Import took 0.045849 seconds .

========================================================================
Received Import Request.
  Time since last request: 4.414235 seconds.
  path: Assets/Texture/Farmer Angry/FAngryUp.png
  artifactKey: Guid(f2afc08bf0454814b83520ab927853d2) Importer(815301076,1909f56bfc062723c751e8b465ee728b)
Start importing Assets/Texture/Farmer Angry/FAngryUp.png using Guid(f2afc08bf0454814b83520ab927853d2) Importer(815301076,1909f56bfc062723c751e8b465ee728b)  -> (artifact id: 'da8165ffb07d2e4d7ac5e2f9d38ebfd5') in 0.037326 seconds 
  Import took 0.046764 seconds .

========================================================================
Received Import Request.
  Time since last request: 35.026958 seconds.
  path: Assets/Scripts/Explosion.cs
  artifactKey: Guid(e8d953fd5b90de04e9f512acc32160a3) Importer(815301076,1909f56bfc062723c751e8b465ee728b)
Start importing Assets/Scripts/Explosion.cs using Guid(e8d953fd5b90de04e9f512acc32160a3) Importer(815301076,1909f56bfc062723c751e8b465ee728b)  -> (artifact id: '2692ad07f282b7b0e82fc2600588dbd9') in 0.019974 seconds 
  Import took 0.028860 seconds .

========================================================================
Received Import Request.
  Time since last request: 0.047183 seconds.
  path: Assets/Scripts/Explosion.cs
  artifactKey: Guid(e8d953fd5b90de04e9f512acc32160a3) Importer(815301076,1909f56bfc062723c751e8b465ee728b)
Start importing Assets/Scripts/Explosion.cs using Guid(e8d953fd5b90de04e9f512acc32160a3) Importer(815301076,1909f56bfc062723c751e8b465ee728b)  -> (artifact id: '2692ad07f282b7b0e82fc2600588dbd9') in 0.003756 seconds 
  Import took 0.010755 seconds .

========================================================================
Received Prepare
Registering precompiled user dll's ...
Registered in 0.003969 seconds.
Begin MonoManager ReloadAssembly
Native extension for WindowsStandalone target not found
Native extension for WebGL target not found
Refreshing native plugins compatible for Editor in 0.98 ms, found 3 plugins.
Preloading 0 native plugins for Editor in 0.00 ms.
Mono: successfully reloaded assembly
- Completed reload, in  2.430 seconds
Domain Reload Profiling:
	ReloadAssembly (2431ms)
		BeginReloadAssembly (287ms)
			ExecutionOrderSort (0ms)
			DisableScriptedObjects (13ms)
			BackupInstance (0ms)
			ReleaseScriptingObjects (0ms)
			CreateAndSetChildDomain (98ms)
		EndReloadAssembly (1985ms)
			LoadAssemblies (211ms)
			RebuildTransferFunctionScriptingTraits (0ms)
			SetupTypeCache (656ms)
			ReleaseScriptCaches (2ms)
			RebuildScriptCaches (121ms)
			SetupLoadedEditorAssemblies (738ms)
				LogAssemblyErrors (0ms)
				InitializePlatformSupportModulesInManaged (16ms)
				SetLoadedEditorAssemblies (1ms)
				RefreshPlugins (1ms)
				BeforeProcessingInitializeOnLoad (212ms)
				ProcessInitializeOnLoadAttributes (489ms)
				ProcessInitializeOnLoadMethodAttributes (14ms)
				AfterProcessingInitializeOnLoad (5ms)
				EditorAssembliesLoaded (0ms)
			ExecutionOrderSort2 (0ms)
			AwakeInstancesAfterBackupRestoration (31ms)
Platform modules already initialized, skipping
Switching build target platform(19) subTarget(0) extendedPlatform(0) -> platform(13) subTarget(537395200) extendedPlatform(0)
Refreshing native plugins compatible for Editor in 0.95 ms, found 3 plugins.
Preloading 0 native plugins for Editor in 0.00 ms.
Unloading 2204 Unused Serialized files (Serialized files now loaded: 0)
System memory in use before: 98.9 MB.
System memory in use after: 99.0 MB.

Unloading 27 unused Assets to reduce memory usage. Loaded Objects now: 2666.
Total: 5.782600 ms (FindLiveObjects: 0.367400 ms CreateObjectMapping: 0.099100 ms MarkObjects: 5.271400 ms  DeleteObjects: 0.042300 ms)

AssetImportParameters requested are different than current active one (requested -> active):
  custom:framework-win-MediaFoundation: 216162199b28c13a410421893ffa2e32 -> 
  custom:video-decoder-ogg-theora: a1e56fd34408186e4bbccfd4996cb3dc -> 
  custom:container-muxer-webm: aa71ff27fc2769a1b78a27578f13a17b -> 
  custom:container-demuxer-webm: 4f35f7cbe854078d1ac9338744f61a02 -> 
  custom:container-demuxer-ogg: 62fdf1f143b41e24485cea50d1cbac27 -> 
  custom:video-encoder-webm-vp8: eb34c28f22e8b96e1ab97ce403110664 -> 
  custom:video-codec-MediaFoundation-h265: 746d11721c4dcdbdad8f713fa42b33f4 -> 
  custom:video-decoder-webm-vp8: 9c59270c3fd7afecdb556c50c9e8de78 -> 
  custom:graphics/normal-map-encoding: 01000000000000000000000000000000 -> 02000000000000000000000000000000
  custom:audio-decoder-ogg-vorbis: bf7c407c2cedff20999df2af8eb42d56 -> 
  custom:audio-encoder-webm-vorbis: bf7c407c2cedff20999df2af8eb42d56 -> 
========================================================================
Received Prepare
Registering precompiled user dll's ...
Registered in 0.003876 seconds.
Begin MonoManager ReloadAssembly
Native extension for WindowsStandalone target not found
Native extension for WebGL target not found
Refreshing native plugins compatible for Editor in 1.37 ms, found 3 plugins.
Preloading 0 native plugins for Editor in 0.00 ms.
Mono: successfully reloaded assembly
- Completed reload, in  2.345 seconds
Domain Reload Profiling:
	ReloadAssembly (2346ms)
		BeginReloadAssembly (248ms)
			ExecutionOrderSort (0ms)
			DisableScriptedObjects (17ms)
			BackupInstance (0ms)
			ReleaseScriptingObjects (0ms)
			CreateAndSetChildDomain (79ms)
		EndReloadAssembly (1953ms)
			LoadAssemblies (196ms)
			RebuildTransferFunctionScriptingTraits (0ms)
			SetupTypeCache (703ms)
			ReleaseScriptCaches (2ms)
			RebuildScriptCaches (119ms)
			SetupLoadedEditorAssemblies (708ms)
				LogAssemblyErrors (0ms)
				InitializePlatformSupportModulesInManaged (19ms)
				SetLoadedEditorAssemblies (1ms)
				RefreshPlugins (2ms)
				BeforeProcessingInitializeOnLoad (180ms)
				ProcessInitializeOnLoadAttributes (491ms)
				ProcessInitializeOnLoadMethodAttributes (11ms)
				AfterProcessingInitializeOnLoad (4ms)
				EditorAssembliesLoaded (0ms)
			ExecutionOrderSort2 (0ms)
			AwakeInstancesAfterBackupRestoration (23ms)
Platform modules already initialized, skipping
Switching build target platform(19) subTarget(0) extendedPlatform(0) -> platform(13) subTarget(537395200) extendedPlatform(0)
Refreshing native plugins compatible for Editor in 0.94 ms, found 3 plugins.
Preloading 0 native plugins for Editor in 0.00 ms.
Unloading 2204 Unused Serialized files (Serialized files now loaded: 0)
System memory in use before: 99.0 MB.
System memory in use after: 99.1 MB.

Unloading 27 unused Assets to reduce memory usage. Loaded Objects now: 2669.
Total: 5.889500 ms (FindLiveObjects: 0.449200 ms CreateObjectMapping: 0.146900 ms MarkObjects: 5.251300 ms  DeleteObjects: 0.039600 ms)

AssetImportParameters requested are different than current active one (requested -> active):
  custom:framework-win-MediaFoundation: 216162199b28c13a410421893ffa2e32 -> 
  custom:video-decoder-ogg-theora: a1e56fd34408186e4bbccfd4996cb3dc -> 
  custom:container-muxer-webm: aa71ff27fc2769a1b78a27578f13a17b -> 
  custom:container-demuxer-webm: 4f35f7cbe854078d1ac9338744f61a02 -> 
  custom:container-demuxer-ogg: 62fdf1f143b41e24485cea50d1cbac27 -> 
  custom:video-encoder-webm-vp8: eb34c28f22e8b96e1ab97ce403110664 -> 
  custom:video-codec-MediaFoundation-h265: 746d11721c4dcdbdad8f713fa42b33f4 -> 
  custom:video-decoder-webm-vp8: 9c59270c3fd7afecdb556c50c9e8de78 -> 
  custom:graphics/normal-map-encoding: 01000000000000000000000000000000 -> 02000000000000000000000000000000
  custom:audio-decoder-ogg-vorbis: bf7c407c2cedff20999df2af8eb42d56 -> 
  custom:audio-encoder-webm-vorbis: bf7c407c2cedff20999df2af8eb42d56 -> 
========================================================================
Received Prepare
Registering precompiled user dll's ...
Registered in 0.004351 seconds.
Begin MonoManager ReloadAssembly
Native extension for WindowsStandalone target not found
Native extension for WebGL target not found
Refreshing native plugins compatible for Editor in 1.06 ms, found 3 plugins.
Preloading 0 native plugins for Editor in 0.00 ms.
Mono: successfully reloaded assembly
- Completed reload, in  2.390 seconds
Domain Reload Profiling:
	ReloadAssembly (2391ms)
		BeginReloadAssembly (236ms)
			ExecutionOrderSort (0ms)
			DisableScriptedObjects (13ms)
			BackupInstance (0ms)
			ReleaseScriptingObjects (0ms)
			CreateAndSetChildDomain (93ms)
		EndReloadAssembly (2021ms)
			LoadAssemblies (190ms)
			RebuildTransferFunctionScriptingTraits (0ms)
			SetupTypeCache (685ms)
			ReleaseScriptCaches (2ms)
			RebuildScriptCaches (111ms)
			SetupLoadedEditorAssemblies (773ms)
				LogAssemblyErrors (0ms)
				InitializePlatformSupportModulesInManaged (13ms)
				SetLoadedEditorAssemblies (2ms)
				RefreshPlugins (1ms)
				BeforeProcessingInitializeOnLoad (202ms)
				ProcessInitializeOnLoadAttributes (539ms)
				ProcessInitializeOnLoadMethodAttributes (11ms)
				AfterProcessingInitializeOnLoad (4ms)
				EditorAssembliesLoaded (0ms)
			ExecutionOrderSort2 (0ms)
			AwakeInstancesAfterBackupRestoration (21ms)
Platform modules already initialized, skipping
Switching build target platform(19) subTarget(0) extendedPlatform(0) -> platform(13) subTarget(537395200) extendedPlatform(0)
Refreshing native plugins compatible for Editor in 0.99 ms, found 3 plugins.
Preloading 0 native plugins for Editor in 0.00 ms.
Unloading 2204 Unused Serialized files (Serialized files now loaded: 0)
System memory in use before: 99.0 MB.
System memory in use after: 99.1 MB.

Unloading 27 unused Assets to reduce memory usage. Loaded Objects now: 2672.
Total: 6.473200 ms (FindLiveObjects: 0.467700 ms CreateObjectMapping: 0.181000 ms MarkObjects: 5.778300 ms  DeleteObjects: 0.043300 ms)

AssetImportParameters requested are different than current active one (requested -> active):
  custom:framework-win-MediaFoundation: 216162199b28c13a410421893ffa2e32 -> 
  custom:video-decoder-ogg-theora: a1e56fd34408186e4bbccfd4996cb3dc -> 
  custom:container-muxer-webm: aa71ff27fc2769a1b78a27578f13a17b -> 
  custom:container-demuxer-webm: 4f35f7cbe854078d1ac9338744f61a02 -> 
  custom:container-demuxer-ogg: 62fdf1f143b41e24485cea50d1cbac27 -> 
  custom:video-encoder-webm-vp8: eb34c28f22e8b96e1ab97ce403110664 -> 
  custom:video-codec-MediaFoundation-h265: 746d11721c4dcdbdad8f713fa42b33f4 -> 
  custom:video-decoder-webm-vp8: 9c59270c3fd7afecdb556c50c9e8de78 -> 
  custom:graphics/normal-map-encoding: 01000000000000000000000000000000 -> 02000000000000000000000000000000
  custom:audio-decoder-ogg-vorbis: bf7c407c2cedff20999df2af8eb42d56 -> 
  custom:audio-encoder-webm-vorbis: bf7c407c2cedff20999df2af8eb42d56 -> 
========================================================================
Received Prepare
Registering precompiled user dll's ...
Registered in 0.004260 seconds.
Begin MonoManager ReloadAssembly
Native extension for WindowsStandalone target not found
Native extension for WebGL target not found
Refreshing native plugins compatible for Editor in 0.97 ms, found 3 plugins.
Preloading 0 native plugins for Editor in 0.00 ms.
Mono: successfully reloaded assembly
- Completed reload, in  2.149 seconds
Domain Reload Profiling:
	ReloadAssembly (2149ms)
		BeginReloadAssembly (260ms)
			ExecutionOrderSort (0ms)
			DisableScriptedObjects (17ms)
			BackupInstance (0ms)
			ReleaseScriptingObjects (0ms)
			CreateAndSetChildDomain (97ms)
		EndReloadAssembly (1757ms)
			LoadAssemblies (193ms)
			RebuildTransferFunctionScriptingTraits (0ms)
			SetupTypeCache (554ms)
			ReleaseScriptCaches (2ms)
			RebuildScriptCaches (109ms)
			SetupLoadedEditorAssemblies (676ms)
				LogAssemblyErrors (0ms)
				InitializePlatformSupportModulesInManaged (11ms)
				SetLoadedEditorAssemblies (1ms)
				RefreshPlugins (1ms)
				BeforeProcessingInitializeOnLoad (202ms)
				ProcessInitializeOnLoadAttributes (447ms)
				ProcessInitializeOnLoadMethodAttributes (10ms)
				AfterProcessingInitializeOnLoad (4ms)
				EditorAssembliesLoaded (0ms)
			ExecutionOrderSort2 (0ms)
			AwakeInstancesAfterBackupRestoration (25ms)
Platform modules already initialized, skipping
Switching build target platform(19) subTarget(0) extendedPlatform(0) -> platform(13) subTarget(537395200) extendedPlatform(0)
Refreshing native plugins compatible for Editor in 0.98 ms, found 3 plugins.
Preloading 0 native plugins for Editor in 0.00 ms.
Unloading 2204 Unused Serialized files (Serialized files now loaded: 0)
System memory in use before: 99.0 MB.
System memory in use after: 99.1 MB.

Unloading 27 unused Assets to reduce memory usage. Loaded Objects now: 2675.
Total: 5.587700 ms (FindLiveObjects: 0.372500 ms CreateObjectMapping: 0.086200 ms MarkObjects: 5.080700 ms  DeleteObjects: 0.046200 ms)

AssetImportParameters requested are different than current active one (requested -> active):
  custom:framework-win-MediaFoundation: 216162199b28c13a410421893ffa2e32 -> 
  custom:video-decoder-ogg-theora: a1e56fd34408186e4bbccfd4996cb3dc -> 
  custom:container-muxer-webm: aa71ff27fc2769a1b78a27578f13a17b -> 
  custom:container-demuxer-webm: 4f35f7cbe854078d1ac9338744f61a02 -> 
  custom:container-demuxer-ogg: 62fdf1f143b41e24485cea50d1cbac27 -> 
  custom:video-encoder-webm-vp8: eb34c28f22e8b96e1ab97ce403110664 -> 
  custom:video-codec-MediaFoundation-h265: 746d11721c4dcdbdad8f713fa42b33f4 -> 
  custom:video-decoder-webm-vp8: 9c59270c3fd7afecdb556c50c9e8de78 -> 
  custom:graphics/normal-map-encoding: 01000000000000000000000000000000 -> 02000000000000000000000000000000
  custom:audio-decoder-ogg-vorbis: bf7c407c2cedff20999df2af8eb42d56 -> 
  custom:audio-encoder-webm-vorbis: bf7c407c2cedff20999df2af8eb42d56 -> 
========================================================================
Received Prepare
Registering precompiled user dll's ...
Registered in 0.005284 seconds.
Begin MonoManager ReloadAssembly
Native extension for WindowsStandalone target not found
Native extension for WebGL target not found
Refreshing native plugins compatible for Editor in 0.97 ms, found 3 plugins.
Preloading 0 native plugins for Editor in 0.00 ms.
Mono: successfully reloaded assembly
- Completed reload, in  2.286 seconds
Domain Reload Profiling:
	ReloadAssembly (2287ms)
		BeginReloadAssembly (253ms)
			ExecutionOrderSort (0ms)
			DisableScriptedObjects (15ms)
			BackupInstance (0ms)
			ReleaseScriptingObjects (0ms)
			CreateAndSetChildDomain (71ms)
		EndReloadAssembly (1864ms)
			LoadAssemblies (205ms)
			RebuildTransferFunctionScriptingTraits (0ms)
			SetupTypeCache (568ms)
			ReleaseScriptCaches (2ms)
			RebuildScriptCaches (118ms)
			SetupLoadedEditorAssemblies (739ms)
				LogAssemblyErrors (0ms)
				InitializePlatformSupportModulesInManaged (12ms)
				SetLoadedEditorAssemblies (1ms)
				RefreshPlugins (1ms)
				BeforeProcessingInitializeOnLoad (190ms)
				ProcessInitializeOnLoadAttributes (519ms)
				ProcessInitializeOnLoadMethodAttributes (11ms)
				AfterProcessingInitializeOnLoad (4ms)
				EditorAssembliesLoaded (0ms)
			ExecutionOrderSort2 (0ms)
			AwakeInstancesAfterBackupRestoration (23ms)
Platform modules already initialized, skipping
Switching build target platform(19) subTarget(0) extendedPlatform(0) -> platform(13) subTarget(537395200) extendedPlatform(0)
Refreshing native plugins compatible for Editor in 0.97 ms, found 3 plugins.
Preloading 0 native plugins for Editor in 0.00 ms.
Unloading 2204 Unused Serialized files (Serialized files now loaded: 0)
System memory in use before: 99.0 MB.
System memory in use after: 99.2 MB.

Unloading 27 unused Assets to reduce memory usage. Loaded Objects now: 2678.
Total: 9.296600 ms (FindLiveObjects: 0.458500 ms CreateObjectMapping: 0.158500 ms MarkObjects: 8.622300 ms  DeleteObjects: 0.053800 ms)

AssetImportParameters requested are different than current active one (requested -> active):
  custom:framework-win-MediaFoundation: 216162199b28c13a410421893ffa2e32 -> 
  custom:video-decoder-ogg-theora: a1e56fd34408186e4bbccfd4996cb3dc -> 
  custom:container-muxer-webm: aa71ff27fc2769a1b78a27578f13a17b -> 
  custom:container-demuxer-webm: 4f35f7cbe854078d1ac9338744f61a02 -> 
  custom:container-demuxer-ogg: 62fdf1f143b41e24485cea50d1cbac27 -> 
  custom:video-encoder-webm-vp8: eb34c28f22e8b96e1ab97ce403110664 -> 
  custom:video-codec-MediaFoundation-h265: 746d11721c4dcdbdad8f713fa42b33f4 -> 
  custom:video-decoder-webm-vp8: 9c59270c3fd7afecdb556c50c9e8de78 -> 
  custom:graphics/normal-map-encoding: 01000000000000000000000000000000 -> 02000000000000000000000000000000
  custom:audio-decoder-ogg-vorbis: bf7c407c2cedff20999df2af8eb42d56 -> 
  custom:audio-encoder-webm-vorbis: bf7c407c2cedff20999df2af8eb42d56 -> 
========================================================================
Received Import Request.
  Time since last request: 412.435593 seconds.
  path: Assets/Scripts/Dog
  artifactKey: Guid(2e7d67ad3bb73804e876518dcee62259) Importer(815301076,1909f56bfc062723c751e8b465ee728b)
Start importing Assets/Scripts/Dog using Guid(2e7d67ad3bb73804e876518dcee62259) Importer(815301076,1909f56bfc062723c751e8b465ee728b)  -> (artifact id: '963ff0d6839a9839ccddb95c5313c30c') in 0.023197 seconds 
  Import took 0.034311 seconds .

========================================================================
Received Import Request.
  Time since last request: 14.349348 seconds.
  path: Assets/Scripts/Dog/MoveDog.cs
  artifactKey: Guid(d581ce3904783594ea8169925e58ffa4) Importer(815301076,1909f56bfc062723c751e8b465ee728b)
Start importing Assets/Scripts/Dog/MoveDog.cs using Guid(d581ce3904783594ea8169925e58ffa4) Importer(815301076,1909f56bfc062723c751e8b465ee728b)  -> (artifact id: 'f46c3d176cc9bf8b7bad1bbbb93dea5f') in 0.012916 seconds 
  Import took 0.021387 seconds .

========================================================================
Received Prepare
Registering precompiled user dll's ...
Registered in 0.004965 seconds.
Begin MonoManager ReloadAssembly
Native extension for WindowsStandalone target not found
Native extension for WebGL target not found
Refreshing native plugins compatible for Editor in 0.97 ms, found 3 plugins.
Preloading 0 native plugins for Editor in 0.00 ms.
Mono: successfully reloaded assembly
- Completed reload, in  2.238 seconds
Domain Reload Profiling:
	ReloadAssembly (2239ms)
		BeginReloadAssembly (221ms)
			ExecutionOrderSort (0ms)
			DisableScriptedObjects (15ms)
			BackupInstance (0ms)
			ReleaseScriptingObjects (0ms)
			CreateAndSetChildDomain (69ms)
		EndReloadAssembly (1845ms)
			LoadAssemblies (197ms)
			RebuildTransferFunctionScriptingTraits (0ms)
			SetupTypeCache (558ms)
			ReleaseScriptCaches (2ms)
			RebuildScriptCaches (142ms)
			SetupLoadedEditorAssemblies (690ms)
				LogAssemblyErrors (0ms)
				InitializePlatformSupportModulesInManaged (13ms)
				SetLoadedEditorAssemblies (1ms)
				RefreshPlugins (1ms)
				BeforeProcessingInitializeOnLoad (169ms)
				ProcessInitializeOnLoadAttributes (489ms)
				ProcessInitializeOnLoadMethodAttributes (11ms)
				AfterProcessingInitializeOnLoad (6ms)
				EditorAssembliesLoaded (1ms)
			ExecutionOrderSort2 (0ms)
			AwakeInstancesAfterBackupRestoration (26ms)
Platform modules already initialized, skipping
Switching build target platform(19) subTarget(0) extendedPlatform(0) -> platform(13) subTarget(537395200) extendedPlatform(0)
Refreshing native plugins compatible for Editor in 1.55 ms, found 3 plugins.
Preloading 0 native plugins for Editor in 0.00 ms.
Unloading 2205 Unused Serialized files (Serialized files now loaded: 0)
System memory in use before: 99.1 MB.
System memory in use after: 99.2 MB.

Unloading 27 unused Assets to reduce memory usage. Loaded Objects now: 2682.
Total: 9.054800 ms (FindLiveObjects: 0.448700 ms CreateObjectMapping: 0.147900 ms MarkObjects: 8.399300 ms  DeleteObjects: 0.055500 ms)

AssetImportParameters requested are different than current active one (requested -> active):
  custom:framework-win-MediaFoundation: 216162199b28c13a410421893ffa2e32 -> 
  custom:video-decoder-ogg-theora: a1e56fd34408186e4bbccfd4996cb3dc -> 
  custom:container-muxer-webm: aa71ff27fc2769a1b78a27578f13a17b -> 
  custom:container-demuxer-webm: 4f35f7cbe854078d1ac9338744f61a02 -> 
  custom:container-demuxer-ogg: 62fdf1f143b41e24485cea50d1cbac27 -> 
  custom:video-encoder-webm-vp8: eb34c28f22e8b96e1ab97ce403110664 -> 
  custom:video-codec-MediaFoundation-h265: 746d11721c4dcdbdad8f713fa42b33f4 -> 
  custom:video-decoder-webm-vp8: 9c59270c3fd7afecdb556c50c9e8de78 -> 
  custom:graphics/normal-map-encoding: 01000000000000000000000000000000 -> 02000000000000000000000000000000
  custom:audio-decoder-ogg-vorbis: bf7c407c2cedff20999df2af8eb42d56 -> 
  custom:audio-encoder-webm-vorbis: bf7c407c2cedff20999df2af8eb42d56 -> 
========================================================================
Received Import Request.
  Time since last request: 21.112219 seconds.
  path: Assets/Texture/Dog/Dog Back.png
  artifactKey: Guid(914cebbe4fe1cca48bafd10ae48daa24) Importer(815301076,1909f56bfc062723c751e8b465ee728b)
Start importing Assets/Texture/Dog/Dog Back.png using Guid(914cebbe4fe1cca48bafd10ae48daa24) Importer(815301076,1909f56bfc062723c751e8b465ee728b)  -> (artifact id: '792e0d9a5f3cc054fbff4eadcb20fe4e') in 0.147538 seconds 
  Import took 0.154955 seconds .

========================================================================
Received Import Request.
  Time since last request: 0.000463 seconds.
  path: Assets/Texture/Dog/Dog Right.png
  artifactKey: Guid(0797ac31cb74452428d15c5138f244d0) Importer(815301076,1909f56bfc062723c751e8b465ee728b)
Start importing Assets/Texture/Dog/Dog Right.png using Guid(0797ac31cb74452428d15c5138f244d0) Importer(815301076,1909f56bfc062723c751e8b465ee728b)  -> (artifact id: 'cfb369945577e973231ae56eaa380f12') in 0.051279 seconds 
  Import took 0.057276 seconds .

========================================================================
Received Import Request.
  Time since last request: 0.000625 seconds.
  path: Assets/Texture/Dog/Dog Left.png
  artifactKey: Guid(ea2533dcce776834ab0df2727f648c16) Importer(815301076,1909f56bfc062723c751e8b465ee728b)
Start importing Assets/Texture/Dog/Dog Left.png using Guid(ea2533dcce776834ab0df2727f648c16) Importer(815301076,1909f56bfc062723c751e8b465ee728b)  -> (artifact id: '9f95976b5b95966a372ba9fd3c726fdc') in 0.049088 seconds 
  Import took 0.056416 seconds .

========================================================================
Received Import Request.
  Time since last request: 0.000476 seconds.
  path: Assets/Texture/Dog/Dog Forward.png
  artifactKey: Guid(5d3045ce5a74d0743855d95cd5c7c9bd) Importer(815301076,1909f56bfc062723c751e8b465ee728b)
Start importing Assets/Texture/Dog/Dog Forward.png using Guid(5d3045ce5a74d0743855d95cd5c7c9bd) Importer(815301076,1909f56bfc062723c751e8b465ee728b)  -> (artifact id: 'bea324ee6f7fb8903b2033b6f9a5451b') in 0.050089 seconds 
  Import took 0.056536 seconds .

========================================================================
Received Import Request.
  Time since last request: 14.549738 seconds.
  path: Assets/Texture/Dog/Dog Back.png
  artifactKey: Guid(914cebbe4fe1cca48bafd10ae48daa24) Importer(815301076,1909f56bfc062723c751e8b465ee728b)
Start importing Assets/Texture/Dog/Dog Back.png using Guid(914cebbe4fe1cca48bafd10ae48daa24) Importer(815301076,1909f56bfc062723c751e8b465ee728b)  -> (artifact id: '15991f961d22df02d5fb1ea1e1e081ec') in 0.031502 seconds 
  Import took 0.037659 seconds .

========================================================================
Received Import Request.
  Time since last request: 8.557506 seconds.
  path: Assets/Texture/Dog/Dog Forward.png
  artifactKey: Guid(5d3045ce5a74d0743855d95cd5c7c9bd) Importer(815301076,1909f56bfc062723c751e8b465ee728b)
Start importing Assets/Texture/Dog/Dog Forward.png using Guid(5d3045ce5a74d0743855d95cd5c7c9bd) Importer(815301076,1909f56bfc062723c751e8b465ee728b)  -> (artifact id: 'bc76cd794e94996770369ae719a36468') in 0.033614 seconds 
  Import took 0.042807 seconds .

========================================================================
Received Import Request.
  Time since last request: 3.548208 seconds.
  path: Assets/Texture/Dog/Dog Left.png
  artifactKey: Guid(ea2533dcce776834ab0df2727f648c16) Importer(815301076,1909f56bfc062723c751e8b465ee728b)
Start importing Assets/Texture/Dog/Dog Left.png using Guid(ea2533dcce776834ab0df2727f648c16) Importer(815301076,1909f56bfc062723c751e8b465ee728b)  -> (artifact id: '2e6b1056e3effb510b1bba8a37aea78a') in 0.038629 seconds 
  Import took 0.047821 seconds .

========================================================================
Received Import Request.
  Time since last request: 22.998206 seconds.
  path: Assets/Texture/Dog Angry/DogAngry.png
  artifactKey: Guid(55a020bdecf8ad84b80ea2f5fe6f5d8f) Importer(815301076,1909f56bfc062723c751e8b465ee728b)
Start importing Assets/Texture/Dog Angry/DogAngry.png using Guid(55a020bdecf8ad84b80ea2f5fe6f5d8f) Importer(815301076,1909f56bfc062723c751e8b465ee728b)  -> (artifact id: '855f85e56f0a44224e25b7157ced778f') in 0.033109 seconds 
  Import took 0.041622 seconds .

========================================================================
Received Import Request.
  Time since last request: 7.525475 seconds.
  path: Assets/Texture/Dog Angry/Слой 2.png
  artifactKey: Guid(345b2e61b03e6a64990086f580255b1e) Importer(815301076,1909f56bfc062723c751e8b465ee728b)
Start importing Assets/Texture/Dog Angry/Слой 2.png using Guid(345b2e61b03e6a64990086f580255b1e) Importer(815301076,1909f56bfc062723c751e8b465ee728b)  -> (artifact id: '7abd450729d3c0f7822e4aa188ac12c8') in 0.037815 seconds 
  Import took 0.045792 seconds .

========================================================================
Received Import Request.
  Time since last request: 3.416666 seconds.
  path: Assets/Texture/Dog Angry/Слой 3.png
  artifactKey: Guid(694a354627bfa3344aaeff4a4a265b09) Importer(815301076,1909f56bfc062723c751e8b465ee728b)
Start importing Assets/Texture/Dog Angry/Слой 3.png using Guid(694a354627bfa3344aaeff4a4a265b09) Importer(815301076,1909f56bfc062723c751e8b465ee728b)  -> (artifact id: '8d42efa5ea485de196289bc377fc0327') in 0.032277 seconds 
  Import took 0.037865 seconds .

========================================================================
Received Import Request.
  Time since last request: 3.993651 seconds.
  path: Assets/Texture/Dog Angry/Слой 4.png
  artifactKey: Guid(2b91e21f8db51484d97270a3cd7d5c46) Importer(815301076,1909f56bfc062723c751e8b465ee728b)
Start importing Assets/Texture/Dog Angry/Слой 4.png using Guid(2b91e21f8db51484d97270a3cd7d5c46) Importer(815301076,1909f56bfc062723c751e8b465ee728b)  -> (artifact id: '2b88faa19b27f83b88d815222eec2678') in 0.030214 seconds 
  Import took 0.036129 seconds .

========================================================================
Received Import Request.
  Time since last request: 23.897246 seconds.
  path: Assets/Texture/Dog Angry/DAngryRight.png
  artifactKey: Guid(55a020bdecf8ad84b80ea2f5fe6f5d8f) Importer(815301076,1909f56bfc062723c751e8b465ee728b)
Start importing Assets/Texture/Dog Angry/DAngryRight.png using Guid(55a020bdecf8ad84b80ea2f5fe6f5d8f) Importer(815301076,1909f56bfc062723c751e8b465ee728b)  -> (artifact id: 'f7bf36a41bb22280ae1f41e56c2becb1') in 0.038081 seconds 
  Import took 0.045063 seconds .

========================================================================
Received Import Request.
  Time since last request: 7.841152 seconds.
  path: Assets/Texture/Dog Angry/DAngryLeft.png
  artifactKey: Guid(345b2e61b03e6a64990086f580255b1e) Importer(815301076,1909f56bfc062723c751e8b465ee728b)
Start importing Assets/Texture/Dog Angry/DAngryLeft.png using Guid(345b2e61b03e6a64990086f580255b1e) Importer(815301076,1909f56bfc062723c751e8b465ee728b)  -> (artifact id: '6609f4c5fd79af0f5fcccf93afc6f354') in 0.043950 seconds 
  Import took 0.051130 seconds .

========================================================================
Received Import Request.
  Time since last request: 6.434226 seconds.
  path: Assets/Texture/Dog Angry/DAngryUp.png
  artifactKey: Guid(694a354627bfa3344aaeff4a4a265b09) Importer(815301076,1909f56bfc062723c751e8b465ee728b)
Start importing Assets/Texture/Dog Angry/DAngryUp.png using Guid(694a354627bfa3344aaeff4a4a265b09) Importer(815301076,1909f56bfc062723c751e8b465ee728b)  -> (artifact id: 'f4756ecd7873ed792376756188b03e17') in 0.039467 seconds 
  Import took 0.046818 seconds .

========================================================================
Received Import Request.
  Time since last request: 5.548640 seconds.
  path: Assets/Texture/Dog Angry/DAngryDown.png
  artifactKey: Guid(2b91e21f8db51484d97270a3cd7d5c46) Importer(815301076,1909f56bfc062723c751e8b465ee728b)
Start importing Assets/Texture/Dog Angry/DAngryDown.png using Guid(2b91e21f8db51484d97270a3cd7d5c46) Importer(815301076,1909f56bfc062723c751e8b465ee728b)  -> (artifact id: '90e3b0951bcfcc476e16c747ec296660') in 0.044221 seconds 
  Import took 0.052973 seconds .

========================================================================
Received Import Request.
  Time since last request: 7.224516 seconds.
  path: Assets/Texture/Dog/Dog Right.png
  artifactKey: Guid(0797ac31cb74452428d15c5138f244d0) Importer(815301076,1909f56bfc062723c751e8b465ee728b)
Start importing Assets/Texture/Dog/Dog Right.png using Guid(0797ac31cb74452428d15c5138f244d0) Importer(815301076,1909f56bfc062723c751e8b465ee728b)  -> (artifact id: '4ede8e2fb2a1a99469b8ddb93ae3d508') in 0.029331 seconds 
  Import took 0.034877 seconds .

AssetImportWorkerClient::OnTransportError - code=2 error=End of file
